<?xml version="1.0" encoding="UTF-8"?>
<testsuite xmlns:xsi="http://www.w3.org/2001/XMLSchema-instance" xsi:noNamespaceSchemaLocation="https://maven.apache.org/surefire/maven-surefire-plugin/xsd/surefire-test-report-3.0.xsd" version="3.0" name="com.business.BusinessProjectApplicationTests" time="2.57" tests="1" errors="0" skipped="0" failures="0">
  <properties>
[...]
</properties>
  <testcase name="contextLoads" classname="com.business.BusinessProjectApplicationTests" time="0.518">
    <system-out><![CDATA[18:28:31.653 [main] INFO org.springframework.test.context.support.AnnotationConfigContextLoaderUtils -- Could not detect default configuration classes for test class [com.business.BusinessProjectApplicationTests]: BusinessProjectApplicationTests does not declare any static, non-private, non-final, nested classes annotated with @Configuration.
18:28:31.696 [main] INFO org.springframework.boot.test.context.SpringBootTestContextBootstrapper -- Found @SpringBootConfiguration com.business.BusinessProjectApplication for test class com.business.BusinessProjectApplicationTests

  .   ____          _            __ _ _
 /\\ / ___'_ __ _ _(_)_ __  __ _ \ \ \ \
( ( )\___ | '_ | '_| | '_ \/ _` | \ \ \ \
 \\/  ___)| |_)| | | | | || (_| |  ) ) ) )
  '  |____| .__|_| |_|_| |_\__, | / / / /
 =========|_|==============|___/=/_/_/_/
 :: Spring Boot ::                (v3.1.3)

2023-11-04T18:28:31.860+05:30  INFO 1843 --- [           main] c.b.BusinessProjectApplicationTests      : Starting BusinessProjectApplicationTests using Java 17.0.8.1 with PID 1843 (started by s.manasa in /Users/s.manasa/Downloads/Business_Management_Project-master)
2023-11-04T18:28:31.861+05:30  INFO 1843 --- [           main] c.b.BusinessProjectApplicationTests      : No active profile set, falling back to 1 default profile: "default"
2023-11-04T18:28:32.126+05:30  INFO 1843 --- [           main] .s.d.r.c.RepositoryConfigurationDelegate : Bootstrapping Spring Data JPA repositories in DEFAULT mode.
2023-11-04T18:28:32.151+05:30  INFO 1843 --- [           main] .s.d.r.c.RepositoryConfigurationDelegate : Finished Spring Data repository scanning in 22 ms. Found 4 JPA repository interfaces.
2023-11-04T18:28:32.342+05:30  INFO 1843 --- [           main] o.hibernate.jpa.internal.util.LogHelper  : HHH000204: Processing PersistenceUnitInfo [name: default]
2023-11-04T18:28:32.366+05:30  INFO 1843 --- [           main] org.hibernate.Version                    : HHH000412: Hibernate ORM core version 6.2.7.Final
2023-11-04T18:28:32.367+05:30  INFO 1843 --- [           main] org.hibernate.cfg.Environment            : HHH000406: Using bytecode reflection optimizer
2023-11-04T18:28:32.429+05:30  INFO 1843 --- [           main] o.h.b.i.BytecodeProviderInitiator        : HHH000021: Bytecode provider name : bytebuddy
2023-11-04T18:28:32.492+05:30  INFO 1843 --- [           main] o.s.o.j.p.SpringPersistenceUnitInfo      : No LoadTimeWeaver setup: ignoring JPA class transformer
2023-11-04T18:28:32.499+05:30  INFO 1843 --- [           main] com.zaxxer.hikari.HikariDataSource       : businessproject - Starting...
2023-11-04T18:28:32.691+05:30  INFO 1843 --- [           main] com.zaxxer.hikari.pool.HikariPool        : businessproject - Added connection com.mysql.cj.jdbc.ConnectionImpl@1d7c9811
2023-11-04T18:28:32.692+05:30  INFO 1843 --- [           main] com.zaxxer.hikari.HikariDataSource       : businessproject - Start completed.
2023-11-04T18:28:32.832+05:30  INFO 1843 --- [           main] o.h.b.i.BytecodeProviderInitiator        : HHH000021: Bytecode provider name : bytebuddy
2023-11-04T18:28:33.163+05:30  INFO 1843 --- [           main] o.h.e.t.j.p.i.JtaPlatformInitiator       : HHH000490: Using JtaPlatform implementation: [org.hibernate.engine.transaction.jta.platform.internal.NoJtaPlatform]
2023-11-04T18:28:33.226+05:30  INFO 1843 --- [           main] j.LocalContainerEntityManagerFactoryBean : Initialized JPA EntityManagerFactory for persistence unit 'default'
2023-11-04T18:28:33.448+05:30  WARN 1843 --- [           main] JpaBaseConfiguration$JpaWebConfiguration : spring.jpa.open-in-view is enabled by default. Therefore, database queries may be performed during view rendering. Explicitly configure spring.jpa.open-in-view to disable this warning
2023-11-04T18:28:33.580+05:30  WARN 1843 --- [           main] o.thymeleaf.templatemode.TemplateMode    : [THYMELEAF][main] Unknown Template Mode 'HTML5'. Must be one of: 'HTML', 'XML', 'TEXT', 'JAVASCRIPT', 'CSS', 'RAW'. Using default Template Mode 'HTML'.
2023-11-04T18:28:33.617+05:30  INFO 1843 --- [           main] c.b.BusinessProjectApplicationTests      : Started BusinessProjectApplicationTests in 1.865 seconds (process running for 2.311)
]]></system-out>
  </testcase>
</testsuite>